<?xml version="1.0" encoding="UTF-8"?>
<!-- Generated by org.testng.reporters.JUnitReportReporter -->
<testsuite hostname="santhosh-PC" name="Scripts.Gdft" tests="2" failures="0" timestamp="26 May 2017 10:34:33 GMT" time="62.507" errors="0">
  <testcase name="Grid" time="26.092" classname="Scripts.Gdft"/>
  <testcase name="Grid" time="36.415" classname="Scripts.Gdft"/>
</testsuite> <!-- Scripts.Gdft -->
