<?xml version="1.0" encoding="UTF-8"?>
<!-- Generated by org.testng.reporters.JUnitReportReporter -->
<testsuite hostname="santhosh-PC" name="Scripts.Leave" tests="1" failures="0" timestamp="4 May 2017 06:37:25 GMT" time="5.723" errors="0">
  <testcase name="Leav" time="5.723" classname="Scripts.Leave"/>
</testsuite> <!-- Scripts.Leave -->
