<?xml version="1.0" encoding="UTF-8"?>
<!-- Generated by org.testng.reporters.JUnitReportReporter -->
<testsuite hostname="santhosh-PC" name="scripts.Gridsel" tests="2" failures="0" timestamp="14 Jul 2017 03:40:20 GMT" time="82.772" errors="0">
  <testcase name="Gexe" time="43.762" classname="scripts.Gridsel"/>
  <testcase name="Gexe" time="39.010" classname="scripts.Gridsel"/>
</testsuite> <!-- scripts.Gridsel -->
