<?xml version="1.0" encoding="UTF-8"?>
<!-- Generated by org.testng.reporters.JUnitReportReporter -->
<testsuite hostname="santhosh-PC" name="scripts.Gridjly" tests="2" failures="0" timestamp="6 Jul 2017 10:07:40 GMT" time="58.774" errors="0">
  <testcase name="gd" time="34.832" classname="scripts.Gridjly"/>
  <testcase name="gd" time="23.942" classname="scripts.Gridjly"/>
</testsuite> <!-- scripts.Gridjly -->
