<?xml version="1.0" encoding="UTF-8"?>
<!-- Generated by org.testng.reporters.JUnitReportReporter -->
<testsuite hostname="santhosh-PC" name="Scripts.Recruitment" tests="1" failures="0" timestamp="4 May 2017 06:37:25 GMT" time="11.088" errors="0">
  <testcase name="Rec" time="11.088" classname="Scripts.Recruitment"/>
</testsuite> <!-- Scripts.Recruitment -->
