<?xml version="1.0" encoding="UTF-8"?>
<!-- Generated by org.testng.reporters.JUnitReportReporter -->
<testsuite hostname="santhosh-PC" name="Scripts.Grid15" tests="2" failures="0" timestamp="15 May 2017 13:16:54 GMT" time="54.074" errors="0">
  <testcase name="gd" time="25.917" classname="Scripts.Grid15"/>
  <testcase name="gd" time="28.157" classname="Scripts.Grid15"/>
</testsuite> <!-- Scripts.Grid15 -->
