<?xml version="1.0" encoding="UTF-8"?>
<!-- Generated by org.testng.reporters.JUnitReportReporter -->
<testsuite hostname="santhosh-PC" name="Scripts.Exampleng" tests="3" failures="0" timestamp="4 May 2017 06:09:29 GMT" time="0.022" errors="0">
  <testcase name="pqr" time="0.016" classname="Scripts.Exampleng"/>
  <testcase name="abc" time="0.003" classname="Scripts.Exampleng"/>
  <testcase name="xyz" time="0.003" classname="Scripts.Exampleng"/>
</testsuite> <!-- Scripts.Exampleng -->
