<?xml version="1.0" encoding="UTF-8"?>
<!-- Generated by org.testng.reporters.JUnitReportReporter -->
<testsuite hostname="santhosh-PC" name="Scripts.GmailDP" tests="4" failures="0" timestamp="4 May 2017 07:13:52 GMT" time="63.764" errors="0">
  <testcase name="login" time="16.573" classname="Scripts.GmailDP"/>
  <testcase name="login" time="16.476" classname="Scripts.GmailDP"/>
  <testcase name="login" time="16.555" classname="Scripts.GmailDP"/>
  <testcase name="Launch" time="14.160" classname="Scripts.GmailDP"/>
</testsuite> <!-- Scripts.GmailDP -->
