<?xml version="1.0" encoding="UTF-8"?>
<!-- Generated by org.testng.reporters.JUnitReportReporter -->
<testsuite hostname="santhosh-PC" name="Scripts.TestNG" tests="4" failures="0" timestamp="4 May 2017 05:59:51 GMT" time="34.052" errors="0">
  <testcase name="Logout" time="7.328" classname="Scripts.TestNG"/>
  <testcase name="login" time="3.293" classname="Scripts.TestNG"/>
  <testcase name="launch" time="12.161" classname="Scripts.TestNG"/>
  <testcase name="rec" time="11.270" classname="Scripts.TestNG"/>
</testsuite> <!-- Scripts.TestNG -->
