<?xml version="1.0" encoding="UTF-8"?>
<!-- Generated by org.testng.reporters.JUnitReportReporter -->
<testsuite hostname="Santhosh-PC" name="scripts.Sgrid" tests="2" failures="0" timestamp="30 Sep 2019 07:07:42 GMT" time="38.048" errors="0">
  <testcase name="gd" time="16.506" classname="scripts.Sgrid"/>
  <testcase name="gd" time="21.542" classname="scripts.Sgrid"/>
</testsuite> <!-- scripts.Sgrid -->
