<?xml version="1.0" encoding="UTF-8"?>
<!-- Generated by org.testng.reporters.JUnitReportReporter -->
<testsuite hostname="santhosh-PC" name="Scripts.Gridwd" tests="2" failures="0" timestamp="21 May 2017 05:02:12 GMT" time="61.480" errors="0">
  <testcase name="Grid" time="20.999" classname="Scripts.Gridwd"/>
  <testcase name="Grid" time="40.481" classname="Scripts.Gridwd"/>
</testsuite> <!-- Scripts.Gridwd -->
