<?xml version="1.0" encoding="UTF-8"?>
<!-- Generated by org.testng.reporters.JUnitReportReporter -->
<testsuite hostname="santhosh-PC" name="Scripts.Gridjune" tests="2" failures="0" timestamp="6 Jun 2017 02:25:16 GMT" time="31.672" errors="0">
  <testcase name="Gd" time="18.227" classname="Scripts.Gridjune"/>
  <testcase name="Gd" time="13.445" classname="Scripts.Gridjune"/>
</testsuite> <!-- Scripts.Gridjune -->
