<?xml version="1.0" encoding="UTF-8"?>
<!-- Generated by org.testng.reporters.JUnitReportReporter -->
<testsuite hostname="santhosh-PC" name="Gdft" tests="1" failures="0" timestamp="26 May 2017 10:20:14 GMT" time="48.125" errors="0">
  <testcase name="Grid" time="48.125" classname="Gdft"/>
</testsuite> <!-- Gdft -->
